<?xml version="1.0" encoding="UTF-8"?>
<testng-results skipped="0" failed="0" total="1" passed="1">
  <reporter-output>
  </reporter-output>
  <suite name="Suite" duration-ms="19877" started-at="2016-06-05T10:07:03Z" finished-at="2016-06-05T10:07:23Z">
    <groups>
    </groups>
    <test name="Test" duration-ms="19877" started-at="2016-06-05T10:07:03Z" finished-at="2016-06-05T10:07:23Z">
      <class name="jenkinsDemo2.JenkinsDemo2">
        <test-method status="PASS" signature="jrnkinsDemo1()[pri:0, instance:jenkinsDemo2.JenkinsDemo2@33a10788]" name="jrnkinsDemo1" duration-ms="19856" started-at="2016-06-05T15:37:03Z" finished-at="2016-06-05T15:37:23Z">
          <reporter-output>
          </reporter-output>
        </test-method> <!-- jrnkinsDemo1 -->
      </class> <!-- jenkinsDemo2.JenkinsDemo2 -->
    </test> <!-- Test -->
  </suite> <!-- Suite -->
</testng-results>
